Database:   /Users/ani/Frameo/Baby/backend/data/dev.db
Checkpoint: /Users/ani/Frameo/Baby/backend/data/checkpoints/native_vision.pt
Config:     epochs=3  batch_size=8  lr=0.001

Loading embedding cache...
  5000 entries with image URLs
  ConvNet params: 588,544
  step   100  loss=0.4296  cos_sim  mean=0.7002  min=0.5828  max=0.7606
  step   200  loss=0.3220  cos_sim  mean=0.6890  min=0.6406  max=0.7769
  step   300  loss=0.3187  cos_sim  mean=0.6771  min=0.6208  max=0.7489
  step   400  loss=0.3112  cos_sim  mean=0.6759  min=0.5803  max=0.7790
  step   500  loss=0.3108  cos_sim  mean=0.7091  min=0.6121  max=0.7482
  step   600  loss=0.3068  cos_sim  mean=0.6941  min=0.5979  max=0.8006

  Epoch 1/3  avg_loss=0.3324  steps=625  skipped=0  time=7045.0s
  Saved checkpoint → /Users/ani/Frameo/Baby/backend/data/checkpoints/native_vision.pt
  step   700  loss=0.2999  cos_sim  mean=0.6853  min=0.5700  max=0.8220
  step   800  loss=0.3040  cos_sim  mean=0.7015  min=0.5694  max=0.7823
  step   900  loss=0.2977  cos_sim  mean=0.7187  min=0.6665  max=0.7964
  step  1000  loss=0.3017  cos_sim  mean=0.6732  min=0.5649  max=0.7561
  step  1100  loss=0.2982  cos_sim  mean=0.6984  min=0.6099  max=0.7605
  step  1200  loss=0.3011  cos_sim  mean=0.7249  min=0.6632  max=0.7965

  Epoch 2/3  avg_loss=0.3010  steps=625  skipped=0  time=6983.1s
  Saved checkpoint → /Users/ani/Frameo/Baby/backend/data/checkpoints/native_vision.pt
  step  1300  loss=0.2950  cos_sim  mean=0.7160  min=0.5436  max=0.8145
  step  1400  loss=0.2922  cos_sim  mean=0.7274  min=0.6042  max=0.8653
  step  1500  loss=0.2960  cos_sim  mean=0.7256  min=0.6477  max=0.7696
  step  1600  loss=0.2960  cos_sim  mean=0.7064  min=0.5415  max=0.7703
  step  1700  loss=0.2953  cos_sim  mean=0.7047  min=0.5809  max=0.7603
  step  1800  loss=0.2955  cos_sim  mean=0.7183  min=0.6244  max=0.8362

  Epoch 3/3  avg_loss=0.2950  steps=625  skipped=0  time=6894.6s
  Saved checkpoint → /Users/ani/Frameo/Baby/backend/data/checkpoints/native_vision.pt

Done.
